STAR version=2.7.2b
STAR compilation time,server,dir=Wed Mar 30 09:58:20 CST 2022 qd-software-20-6.qdgb.qd.hpc:/dellfsqd3/MGI_QINGDAO/USER/lishuangshuang/software/STAR-2.7.2b/source
##### Command Line:
/opt/dnbc4tools3.0/lib/python/dnbc4tools/software/STAR --runMode genomeGenerate --genomeDir /mnt/windowsdata/qiuzerui/scannotations/mouse/mgi_mm10_v3_index/mm10/star --runThreadN 10 --genomeFastaFiles /mnt/windowsdata/qiuzerui/scannotations/mouse/mgi_mm10_v3_index/mm10/fasta/genome.fa --sjdbGTFfile /mnt/windowsdata/qiuzerui/scannotations/mouse/mgi_mm10_v3_index/mm10/genes/genes.gtf --genomeSAindexNbases 14 --genomeChrBinNbits 18
##### Initial USER parameters from Command Line:
###### All USER parameters from Command Line:
runMode                       genomeGenerate     ~RE-DEFINED
genomeDir                     /mnt/windowsdata/qiuzerui/scannotations/mouse/mgi_mm10_v3_index/mm10/star     ~RE-DEFINED
runThreadN                    10     ~RE-DEFINED
genomeFastaFiles              /mnt/windowsdata/qiuzerui/scannotations/mouse/mgi_mm10_v3_index/mm10/fasta/genome.fa        ~RE-DEFINED
sjdbGTFfile                   /mnt/windowsdata/qiuzerui/scannotations/mouse/mgi_mm10_v3_index/mm10/genes/genes.gtf     ~RE-DEFINED
genomeSAindexNbases           14     ~RE-DEFINED
genomeChrBinNbits             18     ~RE-DEFINED
##### Finished reading parameters from all sources

##### Final user re-defined parameters-----------------:
runMode                           genomeGenerate
runThreadN                        10
genomeDir                         /mnt/windowsdata/qiuzerui/scannotations/mouse/mgi_mm10_v3_index/mm10/star
genomeFastaFiles                  /mnt/windowsdata/qiuzerui/scannotations/mouse/mgi_mm10_v3_index/mm10/fasta/genome.fa   
genomeSAindexNbases               14
genomeChrBinNbits                 18
sjdbGTFfile                       /mnt/windowsdata/qiuzerui/scannotations/mouse/mgi_mm10_v3_index/mm10/genes/genes.gtf

-------------------------------
##### Final effective command line:
/opt/dnbc4tools3.0/lib/python/dnbc4tools/software/STAR   --runMode genomeGenerate   --runThreadN 10   --genomeDir /mnt/windowsdata/qiuzerui/scannotations/mouse/mgi_mm10_v3_index/mm10/star   --genomeFastaFiles /mnt/windowsdata/qiuzerui/scannotations/mouse/mgi_mm10_v3_index/mm10/fasta/genome.fa      --genomeSAindexNbases 14   --genomeChrBinNbits 18   --sjdbGTFfile /mnt/windowsdata/qiuzerui/scannotations/mouse/mgi_mm10_v3_index/mm10/genes/genes.gtf
----------------------------------------

Finished loading and checking parameters
May 06 23:28:03 ... starting to generate Genome files
/mnt/windowsdata/qiuzerui/scannotations/mouse/mgi_mm10_v3_index/mm10/fasta/genome.fa : chr # 0  "chr1" chrStart: 0
/mnt/windowsdata/qiuzerui/scannotations/mouse/mgi_mm10_v3_index/mm10/fasta/genome.fa : chr # 1  "chr10" chrStart: 195559424
/mnt/windowsdata/qiuzerui/scannotations/mouse/mgi_mm10_v3_index/mm10/fasta/genome.fa : chr # 2  "chr11" chrStart: 326369280
/mnt/windowsdata/qiuzerui/scannotations/mouse/mgi_mm10_v3_index/mm10/fasta/genome.fa : chr # 3  "chr12" chrStart: 448528384
/mnt/windowsdata/qiuzerui/scannotations/mouse/mgi_mm10_v3_index/mm10/fasta/genome.fa : chr # 4  "chr13" chrStart: 568852480
/mnt/windowsdata/qiuzerui/scannotations/mouse/mgi_mm10_v3_index/mm10/fasta/genome.fa : chr # 5  "chr14" chrStart: 689438720
/mnt/windowsdata/qiuzerui/scannotations/mouse/mgi_mm10_v3_index/mm10/fasta/genome.fa : chr # 6  "chr15" chrStart: 814481408
/mnt/windowsdata/qiuzerui/scannotations/mouse/mgi_mm10_v3_index/mm10/fasta/genome.fa : chr # 7  "chr16" chrStart: 918552576
/mnt/windowsdata/qiuzerui/scannotations/mouse/mgi_mm10_v3_index/mm10/fasta/genome.fa : chr # 8  "chr17" chrStart: 1016856576
/mnt/windowsdata/qiuzerui/scannotations/mouse/mgi_mm10_v3_index/mm10/fasta/genome.fa : chr # 9  "chr18" chrStart: 1112014848
/mnt/windowsdata/qiuzerui/scannotations/mouse/mgi_mm10_v3_index/mm10/fasta/genome.fa : chr # 10  "chr19" chrStart: 1202978816
/mnt/windowsdata/qiuzerui/scannotations/mouse/mgi_mm10_v3_index/mm10/fasta/genome.fa : chr # 11  "chr2" chrStart: 1264582656
/mnt/windowsdata/qiuzerui/scannotations/mouse/mgi_mm10_v3_index/mm10/fasta/genome.fa : chr # 12  "chr3" chrStart: 1446772736
/mnt/windowsdata/qiuzerui/scannotations/mouse/mgi_mm10_v3_index/mm10/fasta/genome.fa : chr # 13  "chr4" chrStart: 1606942720
/mnt/windowsdata/qiuzerui/scannotations/mouse/mgi_mm10_v3_index/mm10/fasta/genome.fa : chr # 14  "chr5" chrStart: 1763704832
/mnt/windowsdata/qiuzerui/scannotations/mouse/mgi_mm10_v3_index/mm10/fasta/genome.fa : chr # 15  "chr6" chrStart: 1915748352
/mnt/windowsdata/qiuzerui/scannotations/mouse/mgi_mm10_v3_index/mm10/fasta/genome.fa : chr # 16  "chr7" chrStart: 2065694720
/mnt/windowsdata/qiuzerui/scannotations/mouse/mgi_mm10_v3_index/mm10/fasta/genome.fa : chr # 17  "chr8" chrStart: 2211184640
/mnt/windowsdata/qiuzerui/scannotations/mouse/mgi_mm10_v3_index/mm10/fasta/genome.fa : chr # 18  "chr9" chrStart: 2340683776
/mnt/windowsdata/qiuzerui/scannotations/mouse/mgi_mm10_v3_index/mm10/fasta/genome.fa : chr # 19  "chrM" chrStart: 2465464320
/mnt/windowsdata/qiuzerui/scannotations/mouse/mgi_mm10_v3_index/mm10/fasta/genome.fa : chr # 20  "chrX" chrStart: 2465726464
/mnt/windowsdata/qiuzerui/scannotations/mouse/mgi_mm10_v3_index/mm10/fasta/genome.fa : chr # 21  "chrY" chrStart: 2636906496
/mnt/windowsdata/qiuzerui/scannotations/mouse/mgi_mm10_v3_index/mm10/fasta/genome.fa : chr # 22  "JH584299.1" chrStart: 2728656896
/mnt/windowsdata/qiuzerui/scannotations/mouse/mgi_mm10_v3_index/mm10/fasta/genome.fa : chr # 23  "GL456233.1" chrStart: 2729705472
/mnt/windowsdata/qiuzerui/scannotations/mouse/mgi_mm10_v3_index/mm10/fasta/genome.fa : chr # 24  "JH584301.1" chrStart: 2730229760
/mnt/windowsdata/qiuzerui/scannotations/mouse/mgi_mm10_v3_index/mm10/fasta/genome.fa : chr # 25  "GL456211.1" chrStart: 2730491904
/mnt/windowsdata/qiuzerui/scannotations/mouse/mgi_mm10_v3_index/mm10/fasta/genome.fa : chr # 26  "GL456350.1" chrStart: 2730754048
/mnt/windowsdata/qiuzerui/scannotations/mouse/mgi_mm10_v3_index/mm10/fasta/genome.fa : chr # 27  "JH584293.1" chrStart: 2731016192
/mnt/windowsdata/qiuzerui/scannotations/mouse/mgi_mm10_v3_index/mm10/fasta/genome.fa : chr # 28  "GL456221.1" chrStart: 2731278336
/mnt/windowsdata/qiuzerui/scannotations/mouse/mgi_mm10_v3_index/mm10/fasta/genome.fa : chr # 29  "JH584297.1" chrStart: 2731540480
/mnt/windowsdata/qiuzerui/scannotations/mouse/mgi_mm10_v3_index/mm10/fasta/genome.fa : chr # 30  "JH584296.1" chrStart: 2731802624
/mnt/windowsdata/qiuzerui/scannotations/mouse/mgi_mm10_v3_index/mm10/fasta/genome.fa : chr # 31  "GL456354.1" chrStart: 2732064768
/mnt/windowsdata/qiuzerui/scannotations/mouse/mgi_mm10_v3_index/mm10/fasta/genome.fa : chr # 32  "JH584294.1" chrStart: 2732326912
/mnt/windowsdata/qiuzerui/scannotations/mouse/mgi_mm10_v3_index/mm10/fasta/genome.fa : chr # 33  "JH584298.1" chrStart: 2732589056
/mnt/windowsdata/qiuzerui/scannotations/mouse/mgi_mm10_v3_index/mm10/fasta/genome.fa : chr # 34  "JH584300.1" chrStart: 2732851200
/mnt/windowsdata/qiuzerui/scannotations/mouse/mgi_mm10_v3_index/mm10/fasta/genome.fa : chr # 35  "GL456219.1" chrStart: 2733113344
/mnt/windowsdata/qiuzerui/scannotations/mouse/mgi_mm10_v3_index/mm10/fasta/genome.fa : chr # 36  "GL456210.1" chrStart: 2733375488
/mnt/windowsdata/qiuzerui/scannotations/mouse/mgi_mm10_v3_index/mm10/fasta/genome.fa : chr # 37  "JH584303.1" chrStart: 2733637632
/mnt/windowsdata/qiuzerui/scannotations/mouse/mgi_mm10_v3_index/mm10/fasta/genome.fa : chr # 38  "JH584302.1" chrStart: 2733899776
/mnt/windowsdata/qiuzerui/scannotations/mouse/mgi_mm10_v3_index/mm10/fasta/genome.fa : chr # 39  "GL456212.1" chrStart: 2734161920
/mnt/windowsdata/qiuzerui/scannotations/mouse/mgi_mm10_v3_index/mm10/fasta/genome.fa : chr # 40  "JH584304.1" chrStart: 2734424064
/mnt/windowsdata/qiuzerui/scannotations/mouse/mgi_mm10_v3_index/mm10/fasta/genome.fa : chr # 41  "GL456379.1" chrStart: 2734686208
/mnt/windowsdata/qiuzerui/scannotations/mouse/mgi_mm10_v3_index/mm10/fasta/genome.fa : chr # 42  "GL456216.1" chrStart: 2734948352
/mnt/windowsdata/qiuzerui/scannotations/mouse/mgi_mm10_v3_index/mm10/fasta/genome.fa : chr # 43  "GL456393.1" chrStart: 2735210496
/mnt/windowsdata/qiuzerui/scannotations/mouse/mgi_mm10_v3_index/mm10/fasta/genome.fa : chr # 44  "GL456366.1" chrStart: 2735472640
/mnt/windowsdata/qiuzerui/scannotations/mouse/mgi_mm10_v3_index/mm10/fasta/genome.fa : chr # 45  "GL456367.1" chrStart: 2735734784
/mnt/windowsdata/qiuzerui/scannotations/mouse/mgi_mm10_v3_index/mm10/fasta/genome.fa : chr # 46  "GL456239.1" chrStart: 2735996928
/mnt/windowsdata/qiuzerui/scannotations/mouse/mgi_mm10_v3_index/mm10/fasta/genome.fa : chr # 47  "GL456213.1" chrStart: 2736259072
/mnt/windowsdata/qiuzerui/scannotations/mouse/mgi_mm10_v3_index/mm10/fasta/genome.fa : chr # 48  "GL456383.1" chrStart: 2736521216
/mnt/windowsdata/qiuzerui/scannotations/mouse/mgi_mm10_v3_index/mm10/fasta/genome.fa : chr # 49  "GL456385.1" chrStart: 2736783360
/mnt/windowsdata/qiuzerui/scannotations/mouse/mgi_mm10_v3_index/mm10/fasta/genome.fa : chr # 50  "GL456360.1" chrStart: 2737045504
/mnt/windowsdata/qiuzerui/scannotations/mouse/mgi_mm10_v3_index/mm10/fasta/genome.fa : chr # 51  "GL456378.1" chrStart: 2737307648
/mnt/windowsdata/qiuzerui/scannotations/mouse/mgi_mm10_v3_index/mm10/fasta/genome.fa : chr # 52  "GL456389.1" chrStart: 2737569792
/mnt/windowsdata/qiuzerui/scannotations/mouse/mgi_mm10_v3_index/mm10/fasta/genome.fa : chr # 53  "GL456372.1" chrStart: 2737831936
/mnt/windowsdata/qiuzerui/scannotations/mouse/mgi_mm10_v3_index/mm10/fasta/genome.fa : chr # 54  "GL456370.1" chrStart: 2738094080
/mnt/windowsdata/qiuzerui/scannotations/mouse/mgi_mm10_v3_index/mm10/fasta/genome.fa : chr # 55  "GL456381.1" chrStart: 2738356224
/mnt/windowsdata/qiuzerui/scannotations/mouse/mgi_mm10_v3_index/mm10/fasta/genome.fa : chr # 56  "GL456387.1" chrStart: 2738618368
/mnt/windowsdata/qiuzerui/scannotations/mouse/mgi_mm10_v3_index/mm10/fasta/genome.fa : chr # 57  "GL456390.1" chrStart: 2738880512
/mnt/windowsdata/qiuzerui/scannotations/mouse/mgi_mm10_v3_index/mm10/fasta/genome.fa : chr # 58  "GL456394.1" chrStart: 2739142656
/mnt/windowsdata/qiuzerui/scannotations/mouse/mgi_mm10_v3_index/mm10/fasta/genome.fa : chr # 59  "GL456392.1" chrStart: 2739404800
/mnt/windowsdata/qiuzerui/scannotations/mouse/mgi_mm10_v3_index/mm10/fasta/genome.fa : chr # 60  "GL456382.1" chrStart: 2739666944
/mnt/windowsdata/qiuzerui/scannotations/mouse/mgi_mm10_v3_index/mm10/fasta/genome.fa : chr # 61  "GL456359.1" chrStart: 2739929088
/mnt/windowsdata/qiuzerui/scannotations/mouse/mgi_mm10_v3_index/mm10/fasta/genome.fa : chr # 62  "GL456396.1" chrStart: 2740191232
/mnt/windowsdata/qiuzerui/scannotations/mouse/mgi_mm10_v3_index/mm10/fasta/genome.fa : chr # 63  "GL456368.1" chrStart: 2740453376
/mnt/windowsdata/qiuzerui/scannotations/mouse/mgi_mm10_v3_index/mm10/fasta/genome.fa : chr # 64  "JH584292.1" chrStart: 2740715520
/mnt/windowsdata/qiuzerui/scannotations/mouse/mgi_mm10_v3_index/mm10/fasta/genome.fa : chr # 65  "JH584295.1" chrStart: 2740977664
Estimated genome size=2942239808   2741239808   201000000
GstrandBit=32
Number of SA indices: 5305567000
May 06 23:29:01 ... starting to sort Suffix Array. This may take a long time...
Number of chunks: 30;   chunks size limit: 1531050016 bytes
May 06 23:29:16 ... sorting Suffix Array chunks and saving them to disk...
Writing 1341136928 bytes into /mnt/windowsdata/qiuzerui/scannotations/mouse/mgi_mm10_v3_index/mm10/star/SA_1 ; empty space on disk = 421102264320 bytes ...Writing 1413248728 bytes into /mnt/windowsdata/qiuzerui/scannotations/mouse/mgi_mm10_v3_index/mm10/star/SA_0 ; empty space on disk = 420791619584 bytes ... done
 done
Writing 1459774440 bytes into /mnt/windowsdata/qiuzerui/scannotations/mouse/mgi_mm10_v3_index/mm10/star/SA_3 ; empty space on disk = 418347872256 bytes ...Writing 1368183744 bytes into /mnt/windowsdata/qiuzerui/scannotations/mouse/mgi_mm10_v3_index/mm10/star/SA_2 ; empty space on disk = 417212035072 bytes ... done
Writing 1378403328 bytes into /mnt/windowsdata/qiuzerui/scannotations/mouse/mgi_mm10_v3_index/mm10/star/SA_4 ; empty space on disk = 416497061888 bytes ...Writing 1434287408 bytes into /mnt/windowsdata/qiuzerui/scannotations/mouse/mgi_mm10_v3_index/mm10/star/SA_5 ; empty space on disk = 414725455872 bytes ...Writing 1440319680 bytes into /mnt/windowsdata/qiuzerui/scannotations/mouse/mgi_mm10_v3_index/mm10/star/SA_8 ; empty space on disk = 414612246528 bytes ... done
Writing 1415233104 bytes into /mnt/windowsdata/qiuzerui/scannotations/mouse/mgi_mm10_v3_index/mm10/star/SA_6 ; empty space on disk = 413946347520 bytes ...Writing 1468594424 bytes into /mnt/windowsdata/qiuzerui/scannotations/mouse/mgi_mm10_v3_index/mm10/star/SA_9 ; empty space on disk = 413261078528 bytes ... done
Writing 1419104224 bytes into /mnt/windowsdata/qiuzerui/scannotations/mouse/mgi_mm10_v3_index/mm10/star/SA_7 ; empty space on disk = 412404510720 bytes ... done
 done
 done
 done
 done
Writing 1401703880 bytes into /mnt/windowsdata/qiuzerui/scannotations/mouse/mgi_mm10_v3_index/mm10/star/SA_10 ; empty space on disk = 406963957760 bytes ...Writing 1445217064 bytes into /mnt/windowsdata/qiuzerui/scannotations/mouse/mgi_mm10_v3_index/mm10/star/SA_11 ; empty space on disk = 406923284480 bytes ... done
 done
Writing 1400401536 bytes into /mnt/windowsdata/qiuzerui/scannotations/mouse/mgi_mm10_v3_index/mm10/star/SA_12 ; empty space on disk = 404117032960 bytes ...Writing 1459075920 bytes into /mnt/windowsdata/qiuzerui/scannotations/mouse/mgi_mm10_v3_index/mm10/star/SA_13 ; empty space on disk = 403070734336 bytes ...Writing 1377583592 bytes into /mnt/windowsdata/qiuzerui/scannotations/mouse/mgi_mm10_v3_index/mm10/star/SA_14 ; empty space on disk = 403052425216 bytes ... done
Writing 1312080272 bytes into /mnt/windowsdata/qiuzerui/scannotations/mouse/mgi_mm10_v3_index/mm10/star/SA_15 ; empty space on disk = 400855818240 bytes ... done
 done
 done
Writing 1478279216 bytes into /mnt/windowsdata/qiuzerui/scannotations/mouse/mgi_mm10_v3_index/mm10/star/SA_16 ; empty space on disk = 398567882752 bytes ...Writing 1407968488 bytes into /mnt/windowsdata/qiuzerui/scannotations/mouse/mgi_mm10_v3_index/mm10/star/SA_17 ; empty space on disk = 398403956736 bytes ...Writing 1519674256 bytes into /mnt/windowsdata/qiuzerui/scannotations/mouse/mgi_mm10_v3_index/mm10/star/SA_19 ; empty space on disk = 396589477888 bytes ...Writing 1496629896 bytes into /mnt/windowsdata/qiuzerui/scannotations/mouse/mgi_mm10_v3_index/mm10/star/SA_18 ; empty space on disk = 396110446592 bytes ... done
 done
 done
 done
Writing 1389334864 bytes into /mnt/windowsdata/qiuzerui/scannotations/mouse/mgi_mm10_v3_index/mm10/star/SA_20 ; empty space on disk = 392665317376 bytes ... done
Writing 1525255160 bytes into /mnt/windowsdata/qiuzerui/scannotations/mouse/mgi_mm10_v3_index/mm10/star/SA_21 ; empty space on disk = 391275978752 bytes ...Writing 1419272096 bytes into /mnt/windowsdata/qiuzerui/scannotations/mouse/mgi_mm10_v3_index/mm10/star/SA_22 ; empty space on disk = 390724669440 bytes ... done
 done
Writing 1394236760 bytes into /mnt/windowsdata/qiuzerui/scannotations/mouse/mgi_mm10_v3_index/mm10/star/SA_25 ; empty space on disk = 388331450368 bytes ...Writing 1108621576 bytes into /mnt/windowsdata/qiuzerui/scannotations/mouse/mgi_mm10_v3_index/mm10/star/SA_29 ; empty space on disk = 388026052608 bytes ... done
 done
Writing 1509839184 bytes into /mnt/windowsdata/qiuzerui/scannotations/mouse/mgi_mm10_v3_index/mm10/star/SA_23 ; empty space on disk = 385828589568 bytes ...Writing 1528706312 bytes into /mnt/windowsdata/qiuzerui/scannotations/mouse/mgi_mm10_v3_index/mm10/star/SA_24 ; empty space on disk = 385788592128 bytes ...Writing 1309529344 bytes into /mnt/windowsdata/qiuzerui/scannotations/mouse/mgi_mm10_v3_index/mm10/star/SA_27 ; empty space on disk = 385557487616 bytes ...Writing 1367944072 bytes into /mnt/windowsdata/qiuzerui/scannotations/mouse/mgi_mm10_v3_index/mm10/star/SA_26 ; empty space on disk = 384383930368 bytes ... done
 done
 done
Writing 1454896504 bytes into /mnt/windowsdata/qiuzerui/scannotations/mouse/mgi_mm10_v3_index/mm10/star/SA_28 ; empty space on disk = 380335853568 bytes ... done
 done
May 06 23:44:04 ... loading chunks from disk, packing SA...
May 06 23:45:21 ... finished generating suffix array
May 06 23:45:21 ... generating Suffix Array index
May 06 23:49:26 ... completed Suffix Array index
May 06 23:49:26 ..... processing annotations GTF
Processing pGe.sjdbGTFfile=/mnt/windowsdata/qiuzerui/scannotations/mouse/mgi_mm10_v3_index/mm10/genes/genes.gtf, found:
		118153 transcripts
		805200 exons (non-collapsed)
		276162 collapsed junctions
May 06 23:49:44 ..... finished GTF processing
May 06 23:49:44   Loaded database junctions from the GTF file: /mnt/windowsdata/qiuzerui/scannotations/mouse/mgi_mm10_v3_index/mm10/genes/genes.gtf: 276162 total junctions

WARNING: long repeat for junction # 62878 : chr13 36008518 36189203; left shift = 255; right shift = 29
WARNING: long repeat for junction # 70135 : chr13 119495135 119609191; left shift = 36; right shift = 255
WARNING: long repeat for junction # 191595 : chr5 112774527 112775017; left shift = 255; right shift = 69
WARNING: long repeat for junction # 193933 : chr5 123190235 123190960; left shift = 255; right shift = 19
WARNING: long repeat for junction # 202882 : chr6 48754635 48755196; left shift = 81; right shift = 255
WARNING: long repeat for junction # 233377 : chr7 141808196 141810304; left shift = 255; right shift = 255
May 06 23:49:45   Finished preparing junctions
May 06 23:49:45 ..... inserting junctions into the genome indices
May 06 23:50:38   Finished SA search: number of new junctions=276099, old junctions=0
May 06 23:51:07   Finished sorting SA indicesL nInd=110439020
Genome size with junctions=2796735707  2741239808   55495899
GstrandBit1=32   GstrandBit=32
May 06 23:52:09   Finished inserting junction indices
May 06 23:52:39   Finished SAi
May 06 23:52:40 ..... finished inserting junctions into genome
May 06 23:52:40 ... writing Genome to disk ...
Writing 2796735707 bytes into /mnt/windowsdata/qiuzerui/scannotations/mouse/mgi_mm10_v3_index/mm10/star/Genome ; empty space on disk = 421029224448 bytes ... done
SA size in bytes: 22341024836
May 06 23:53:34 ... writing Suffix Array to disk ...
Writing 22341024836 bytes into /mnt/windowsdata/qiuzerui/scannotations/mouse/mgi_mm10_v3_index/mm10/star/SA ; empty space on disk = 418232487936 bytes ... done
May 07 00:00:12 ... writing SAindex to disk
Writing 8 bytes into /mnt/windowsdata/qiuzerui/scannotations/mouse/mgi_mm10_v3_index/mm10/star/SAindex ; empty space on disk = 395891462144 bytes ... done
Writing 120 bytes into /mnt/windowsdata/qiuzerui/scannotations/mouse/mgi_mm10_v3_index/mm10/star/SAindex ; empty space on disk = 395891462144 bytes ... done
Writing 1565873491 bytes into /mnt/windowsdata/qiuzerui/scannotations/mouse/mgi_mm10_v3_index/mm10/star/SAindex ; empty space on disk = 395891462144 bytes ... done
May 07 00:00:47 ..... finished successfully
DONE: Genome generation, EXITING
